
VCFtools - 0.1.16
(C) Adam Auton and Anthony Marcketta 2009

Parameters as interpreted:
	--gzvcf /mnt/storage9/amy_i/Pmalariae/genomics_db_v2/Pm_db_v2.filt.csq.bi.GT.miss0.5.vqslod.filt.snps.vcf.gz
	--weir-fst-pop Asia_21.txt
	--weir-fst-pop Americas_Africa.txt
	--keep Asia_21.txt
	--keep Americas_Africa.txt
	--out Asia_other_Fst

Using zlib version: 1.2.11
Warning: Expected at least 2 parts in FORMAT entry: ID=PGT,Number=1,Type=String,Description="Physical phasing haplotype information, describing how the alternate alleles are phased in relation to one another; will always be heterozygous and is not intended to describe called alleles">
Warning: Expected at least 2 parts in FORMAT entry: ID=PID,Number=1,Type=String,Description="Physical phasing ID information, where each unique ID within a given sample (but not across samples) connects records within a phasing group">
Warning: Expected at least 2 parts in FORMAT entry: ID=PL,Number=G,Type=Integer,Description="Normalized, Phred-scaled likelihoods for genotypes as defined in the VCF specification">
Warning: Expected at least 2 parts in FORMAT entry: ID=RGQ,Number=1,Type=Integer,Description="Unconditional reference genotype confidence, encoded as a phred quality -10*log10 p(genotype call is wrong)">
Warning: Expected at least 2 parts in INFO entry: ID=AC,Number=A,Type=Integer,Description="Allele count in genotypes, for each ALT allele, in the same order as listed">
Warning: Expected at least 2 parts in INFO entry: ID=AC,Number=A,Type=Integer,Description="Allele count in genotypes, for each ALT allele, in the same order as listed">
Warning: Expected at least 2 parts in INFO entry: ID=AF,Number=A,Type=Float,Description="Allele Frequency, for each ALT allele, in the same order as listed">
Warning: Expected at least 2 parts in INFO entry: ID=AF,Number=A,Type=Float,Description="Allele Frequency, for each ALT allele, in the same order as listed">
Warning: Expected at least 2 parts in INFO entry: ID=MLEAC,Number=A,Type=Integer,Description="Maximum likelihood expectation (MLE) for the allele counts (not necessarily the same as the AC), for each ALT allele, in the same order as listed">
Warning: Expected at least 2 parts in INFO entry: ID=MLEAC,Number=A,Type=Integer,Description="Maximum likelihood expectation (MLE) for the allele counts (not necessarily the same as the AC), for each ALT allele, in the same order as listed">
Warning: Expected at least 2 parts in INFO entry: ID=MLEAF,Number=A,Type=Float,Description="Maximum likelihood expectation (MLE) for the allele frequency (not necessarily the same as the AF), for each ALT allele, in the same order as listed">
Warning: Expected at least 2 parts in INFO entry: ID=MLEAF,Number=A,Type=Float,Description="Maximum likelihood expectation (MLE) for the allele frequency (not necessarily the same as the AF), for each ALT allele, in the same order as listed">
Warning: Expected at least 2 parts in INFO entry: ID=culprit,Number=1,Type=String,Description="The annotation which was the worst performing in the Gaussian mixture model, likely the reason why the variant was filtered out">
Warning: Expected at least 2 parts in INFO entry: ID=BCSQ,Number=.,Type=String,Description="Haplotype-aware consequence annotation from BCFtools/csq, see http://samtools.github.io/bcftools/howtos/csq-calling.html for details. Format: Consequence|gene|transcript|biotype|strand|amino_acid_change|dna_change">
Warning: Expected at least 2 parts in FORMAT entry: ID=BCSQ,Number=.,Type=Integer,Description="Bitmask of indexes to INFO/BCSQ, with interleaved first/second haplotype. Use \"bcftools query -f'[%CHROM\t%POS\t%SAMPLE\t%TBCSQ\n]'\" to translate.">
Keeping individuals in 'keep' list
After filtering, kept 170 out of 172 Individuals
Outputting Weir and Cockerham Fst estimates.
Weir and Cockerham mean Fst estimate: 0.020684
Weir and Cockerham weighted Fst estimate: 0.16247
After filtering, kept 209633 out of a possible 209633 Sites
Run Time = 8.00 seconds
